{"/Users/jeanyves/code/work/alarmist-rollup/src/index.js": {"path":"/Users/jeanyves/code/work/alarmist-rollup/src/index.js","statementMap":{"0":{"start":{"line":3,"column":0},"end":{"line":3,"column":47}},"1":{"start":{"line":4,"column":0},"end":{"line":4,"column":37}}},"fnMap":{},"branchMap":{},"s":{"0":0,"1":0},"f":{},"b":{}}
,"/Users/jeanyves/code/work/alarmist-rollup/src/main.js": {"path":"/Users/jeanyves/code/work/alarmist-rollup/src/main.js","statementMap":{"0":{"start":{"line":15,"column":21},"end":{"line":15,"column":32}},"1":{"start":{"line":19,"column":13},"end":{"line":19,"column":25}},"2":{"start":{"line":21,"column":12},"end":{"line":21,"column":37}},"3":{"start":{"line":23,"column":19},"end":{"line":23,"column":26}},"4":{"start":{"line":25,"column":20},"end":{"line":25,"column":38}},"5":{"start":{"line":27,"column":20},"end":{"line":27,"column":52}},"6":{"start":{"line":30,"column":2},"end":{"line":35,"column":3}},"7":{"start":{"line":31,"column":20},"end":{"line":31,"column":57}},"8":{"start":{"line":32,"column":4},"end":{"line":32,"column":22}},"9":{"start":{"line":34,"column":4},"end":{"line":34,"column":40}},"10":{"start":{"line":38,"column":16},"end":{"line":43,"column":1}},"11":{"start":{"line":41,"column":12},"end":{"line":41,"column":53}},"12":{"start":{"line":45,"column":0},"end":{"line":45,"column":27}}},"fnMap":{"0":{"name":"loadRollupConfig","decl":{"start":{"line":29,"column":15},"end":{"line":29,"column":31}},"loc":{"start":{"line":29,"column":44},"end":{"line":36,"column":1}},"line":29},"1":{"name":"(anonymous_1)","decl":{"start":{"line":41,"column":6},"end":{"line":41,"column":7}},"loc":{"start":{"line":41,"column":12},"end":{"line":41,"column":53}},"line":41}},"branchMap":{},"s":{"0":0,"1":0,"2":0,"3":0,"4":0,"5":0,"6":0,"7":0,"8":0,"9":0,"10":0,"11":0,"12":0},"f":{"0":0,"1":0},"b":{}}
,"/Users/jeanyves/code/work/alarmist-rollup/src/utils/from-chokidar.js": {"path":"/Users/jeanyves/code/work/alarmist-rollup/src/utils/from-chokidar.js","statementMap":{"0":{"start":{"line":4,"column":35},"end":{"line":13,"column":3}},"1":{"start":{"line":5,"column":2},"end":{"line":13,"column":3}},"2":{"start":{"line":12,"column":14},"end":{"line":12,"column":22}}},"fnMap":{"0":{"name":"(anonymous_0)","decl":{"start":{"line":4,"column":35},"end":{"line":4,"column":36}},"loc":{"start":{"line":5,"column":2},"end":{"line":13,"column":3}},"line":5},"1":{"name":"(anonymous_1)","decl":{"start":{"line":12,"column":8},"end":{"line":12,"column":9}},"loc":{"start":{"line":12,"column":14},"end":{"line":12,"column":22}},"line":12}},"branchMap":{},"s":{"0":1,"1":3,"2":3},"f":{"0":3,"1":3},"b":{},"_coverageSchema":"1a1c01bbd47fc00a2c39e90264f33305004495a9","hash":"1ca0a31b8ae479669c1c73b702e648f90d8c799c"}
}
